<html>
<head>
<title>TestNG:  ChromeTest</title>
<link href="../testng.css" rel="stylesheet" type="text/css" />
<link href="../my-testng.css" rel="stylesheet" type="text/css" />

<style type="text/css">
.log { display: none;} 
.stack-trace { display: none;} 
</style>
<script type="text/javascript">
<!--
function flip(e) {
  current = e.style.display;
  if (current == 'block') {
    e.style.display = 'none';
    return 0;
  }
  else {
    e.style.display = 'block';
    return 1;
  }
}

function toggleBox(szDivId, elem, msg1, msg2)
{
  var res = -1;  if (document.getElementById) {
    res = flip(document.getElementById(szDivId));
  }
  else if (document.all) {
    // this is the way old msie versions work
    res = flip(document.all[szDivId]);
  }
  if(elem) {
    if(res == 0) elem.innerHTML = msg1; else elem.innerHTML = msg2;
  }

}

function toggleAllBoxes() {
  if (document.getElementsByTagName) {
    d = document.getElementsByTagName('div');
    for (i = 0; i < d.length; i++) {
      if (d[i].className == 'log') {
        flip(d[i]);
      }
    }
  }
}

// -->
</script>

</head>
<body>
<h2 align='center'>ChromeTest</h2><table border='1' align="center">
<tr>
<td>Tests passed/Failed/Skipped:</td><td>2/0/0</td>
</tr><tr>
<td>Started on:</td><td>Fri Oct 30 12:06:29 IST 2020</td>
</tr>
<tr><td>Total time:</td><td>82 seconds (82009 ms)</td>
</tr><tr>
<td>Included groups:</td><td></td>
</tr><tr>
<td>Excluded groups:</td><td></td>
</tr>
</table><p/>
<small><i>(Hover the method name to see the test class name)</i></small><p/>
<table width='100%' border='1' class='invocation-failed'>
<tr><td colspan='4' align='center'><b>FAILED TESTS</b></td></tr>
<tr><td><b>Test method</b></td>
<td width="30%"><b>Exception</b></td>
<td width="10%"><b>Time (seconds)</b></td>
<td><b>Instance</b></td>
</tr>
<tr>
<td title='Com_ActiTime_Test.validLoginLogoutTest.validLoginLogout()'><b>validLoginLogout</b><br>Test class: Com_ActiTime_Test.validLoginLogoutTest<br/>
<a href="#Output-919842935" onClick='toggleBox("Output-919842935", this, "Show output", "Hide output");'>Show output</a>

<a href="#Output-919842935" onClick="toggleAllBoxes();">Show all outputs</a>
<div class='log' id="Output-919842935">
Title is matching and matching title actiTIME - Login<br/>
Title is matching and matching title actiTIME - Enter Time-Track<br/>
</div>
</td>
<td><div><pre>org.openqa.selenium.ElementClickInterceptedException: Element &lt;a id=&quot;logoutLink&quot; class=&quot;logout&quot; href=&quot;/logout.do&quot;&gt; is not clickable at point (989,17) because another element &lt;div id=&quot;preInsertedTransformedMoireId&quot; class=&quot;transformedMoireClass&quot;&gt; obscures it
Build info: version: &apos;3.141.59&apos;, revision: &apos;e82be7d358&apos;, time: &apos;2018-11-14T08:25:53&apos;
System info: host: &apos;CBT-2F-301&apos;, ip: &apos;192.168.95.1&apos;, os.name: &apos;Windows 10&apos;, os.arch: &apos;amd64&apos;, os.version: &apos;10.0&apos;, java.version: &apos;1.8.0_181&apos;
Driver info: org.openqa.selenium.remote.RemoteWebDriver
Capabilities {acceptInsecureCerts: false, browserName: firefox, browserVersion: 82.0.2, javascriptEnabled: true, moz:accessibilityChecks: false, moz:buildID: 20201027185343, moz:geckodriverVersion: 0.25.0, moz:headless: false, moz:processID: 12016, moz:profile: C:\Users\CBT\AppData\Local\..., moz:shutdownTimeout: 60000, moz:useNonSpecCompliantPointerOrigin: false, moz:webdriverClick: true, pageLoadStrategy: normal, platform: WINDOWS, platformName: WINDOWS, platformVersion: 10.0, rotatable: false, setWindowRect: true, strictFileInteractability: false, timeouts: {implicit: 0, pageLoad: 300000, script: 30000}, unhandledPromptBehavior: dismiss and notify, webdriver.remote.sessionid: 7e918815-02bf-45dd-bb60-fc4...}
Session ID: 7e918815-02bf-45dd-bb60-fc4ab73cc51d
	at org.openqa.selenium.remote.http.W3CHttpResponseCodec.createException(W3CHttpResponseCodec.java:187)
	at org.openqa.selenium.remote.http.W3CHttpResponseCodec.decode(W3CHttpResponseCodec.java:122)
	at org.openqa.selenium.remote.http.W3CHttpResponseCodec.decode(W3CHttpResponseCodec.java:49)
	at org.openqa.selenium.remote.HttpCommandExecutor.execute(HttpCommandExecutor.java:158)
	at org.openqa.selenium.remote.RemoteWebDriver.execute(RemoteWebDriver.java:552)
	at org.openqa.selenium.remote.RemoteWebElement.execute(RemoteWebElement.java:285)
	at org.openqa.selenium.remote.RemoteWebElement.click(RemoteWebElement.java:84)
	at org.openqa.selenium.support.pagefactory.internal.LocatingElementHandler.invoke(LocatingElementHandler.java:51)
	at com.sun.proxy.$Proxy10.click(Unknown Source)
	at Com_ActiTime_Page.actiTIMEEnterTimeTrackPage.clickOnLogoutButton(actiTIMEEnterTimeTrackPage.java:25)
	at Com_ActiTime_Test.validLoginLogoutTest.validLoginLogout(validLoginLogoutTest.java:32)
	at java.util.ArrayList.forEach(Unknown Source)
	at java.util.concurrent.FutureTask.run(Unknown Source)
	at java.util.concurrent.ThreadPoolExecutor.runWorker(Unknown Source)
	at java.util.concurrent.ThreadPoolExecutor$Worker.run(Unknown Source)
	at java.lang.Thread.run(Unknown Source)
... Removed 26 stack frames</pre></div><a href='#' onClick='toggleBox("stack-trace919842935", this, "Click to show all stack frames", "Click to hide stack frames")'>Click to show all stack frames</a>
<div class='stack-trace' id='stack-trace919842935'><pre>org.openqa.selenium.ElementClickInterceptedException: Element &lt;a id=&quot;logoutLink&quot; class=&quot;logout&quot; href=&quot;/logout.do&quot;&gt; is not clickable at point (989,17) because another element &lt;div id=&quot;preInsertedTransformedMoireId&quot; class=&quot;transformedMoireClass&quot;&gt; obscures it
Build info: version: &apos;3.141.59&apos;, revision: &apos;e82be7d358&apos;, time: &apos;2018-11-14T08:25:53&apos;
System info: host: &apos;CBT-2F-301&apos;, ip: &apos;192.168.95.1&apos;, os.name: &apos;Windows 10&apos;, os.arch: &apos;amd64&apos;, os.version: &apos;10.0&apos;, java.version: &apos;1.8.0_181&apos;
Driver info: org.openqa.selenium.remote.RemoteWebDriver
Capabilities {acceptInsecureCerts: false, browserName: firefox, browserVersion: 82.0.2, javascriptEnabled: true, moz:accessibilityChecks: false, moz:buildID: 20201027185343, moz:geckodriverVersion: 0.25.0, moz:headless: false, moz:processID: 12016, moz:profile: C:\Users\CBT\AppData\Local\..., moz:shutdownTimeout: 60000, moz:useNonSpecCompliantPointerOrigin: false, moz:webdriverClick: true, pageLoadStrategy: normal, platform: WINDOWS, platformName: WINDOWS, platformVersion: 10.0, rotatable: false, setWindowRect: true, strictFileInteractability: false, timeouts: {implicit: 0, pageLoad: 300000, script: 30000}, unhandledPromptBehavior: dismiss and notify, webdriver.remote.sessionid: 7e918815-02bf-45dd-bb60-fc4...}
Session ID: 7e918815-02bf-45dd-bb60-fc4ab73cc51d
	at sun.reflect.NativeConstructorAccessorImpl.newInstance0(Native Method)
	at sun.reflect.NativeConstructorAccessorImpl.newInstance(Unknown Source)
	at sun.reflect.DelegatingConstructorAccessorImpl.newInstance(Unknown Source)
	at java.lang.reflect.Constructor.newInstance(Unknown Source)
	at org.openqa.selenium.remote.http.W3CHttpResponseCodec.createException(W3CHttpResponseCodec.java:187)
	at org.openqa.selenium.remote.http.W3CHttpResponseCodec.decode(W3CHttpResponseCodec.java:122)
	at org.openqa.selenium.remote.http.W3CHttpResponseCodec.decode(W3CHttpResponseCodec.java:49)
	at org.openqa.selenium.remote.HttpCommandExecutor.execute(HttpCommandExecutor.java:158)
	at org.openqa.selenium.remote.RemoteWebDriver.execute(RemoteWebDriver.java:552)
	at org.openqa.selenium.remote.RemoteWebElement.execute(RemoteWebElement.java:285)
	at org.openqa.selenium.remote.RemoteWebElement.click(RemoteWebElement.java:84)
	at sun.reflect.NativeMethodAccessorImpl.invoke0(Native Method)
	at sun.reflect.NativeMethodAccessorImpl.invoke(Unknown Source)
	at sun.reflect.DelegatingMethodAccessorImpl.invoke(Unknown Source)
	at java.lang.reflect.Method.invoke(Unknown Source)
	at org.openqa.selenium.support.pagefactory.internal.LocatingElementHandler.invoke(LocatingElementHandler.java:51)
	at com.sun.proxy.$Proxy10.click(Unknown Source)
	at Com_ActiTime_Page.actiTIMEEnterTimeTrackPage.clickOnLogoutButton(actiTIMEEnterTimeTrackPage.java:25)
	at Com_ActiTime_Test.validLoginLogoutTest.validLoginLogout(validLoginLogoutTest.java:32)
	at sun.reflect.NativeMethodAccessorImpl.invoke0(Native Method)
	at sun.reflect.NativeMethodAccessorImpl.invoke(Unknown Source)
	at sun.reflect.DelegatingMethodAccessorImpl.invoke(Unknown Source)
	at java.lang.reflect.Method.invoke(Unknown Source)
	at org.testng.internal.MethodInvocationHelper.invokeMethod(MethodInvocationHelper.java:133)
	at org.testng.internal.TestInvoker.invokeMethod(TestInvoker.java:584)
	at org.testng.internal.TestInvoker.invokeTestMethod(TestInvoker.java:172)
	at org.testng.internal.MethodRunner.runInSequence(MethodRunner.java:46)
	at org.testng.internal.TestInvoker$MethodInvocationAgent.invoke(TestInvoker.java:804)
	at org.testng.internal.TestInvoker.invokeTestMethods(TestInvoker.java:145)
	at org.testng.internal.TestMethodWorker.invokeTestMethods(TestMethodWorker.java:146)
	at org.testng.internal.TestMethodWorker.run(TestMethodWorker.java:128)
	at java.util.ArrayList.forEach(Unknown Source)
	at org.testng.TestRunner.privateRun(TestRunner.java:770)
	at org.testng.TestRunner.run(TestRunner.java:591)
	at org.testng.SuiteRunner.runTest(SuiteRunner.java:402)
	at org.testng.SuiteRunner.access$000(SuiteRunner.java:41)
	at org.testng.SuiteRunner$SuiteWorker.run(SuiteRunner.java:443)
	at org.testng.internal.thread.ThreadUtil.lambda$execute$0(ThreadUtil.java:67)
	at java.util.concurrent.FutureTask.run(Unknown Source)
	at java.util.concurrent.ThreadPoolExecutor.runWorker(Unknown Source)
	at java.util.concurrent.ThreadPoolExecutor$Worker.run(Unknown Source)
	at java.lang.Thread.run(Unknown Source)
</pre></div></td>
<td>5</td>
<td>Com_ActiTime_Test.validLoginLogoutTest@6d00a15d</td></tr>
</table><p>
<table width='100%' border='1' class='invocation-passed'>
<tr><td colspan='4' align='center'><b>PASSED TESTS</b></td></tr>
<tr><td><b>Test method</b></td>
<td width="30%"><b>Exception</b></td>
<td width="10%"><b>Time (seconds)</b></td>
<td><b>Instance</b></td>
</tr>
<tr>
<td title='Com_ActiTime_Test.validLoginLogoutTest.validLoginLogout()'><b>validLoginLogout</b><br>Test class: Com_ActiTime_Test.validLoginLogoutTest<br/>
<a href="#Output-106312309" onClick='toggleBox("Output-106312309", this, "Show output", "Hide output");'>Show output</a>

<a href="#Output-106312309" onClick="toggleAllBoxes();">Show all outputs</a>
<div class='log' id="Output-106312309">
Title is matching and matching title actiTIME - Login<br/>
Title is matching and matching title actiTIME - Enter Time-Track<br/>
Title is matching and matching title actiTIME - Login<br/>
</div>
</td>
<td></td>
<td>8</td>
<td>Com_ActiTime_Test.validLoginLogoutTest@458ad742</td></tr>
<tr>
<td title='Com_ActiTime_Test.validLoginLogoutTest.validLoginLogout()'><b>validLoginLogout</b><br>Test class: Com_ActiTime_Test.validLoginLogoutTest<br/>
<a href="#Output-506919835" onClick='toggleBox("Output-506919835", this, "Show output", "Hide output");'>Show output</a>

<a href="#Output-506919835" onClick="toggleAllBoxes();">Show all outputs</a>
<div class='log' id="Output-506919835">
Title is matching and matching title actiTIME - Login<br/>
Title is matching and matching title actiTIME - Enter Time-Track<br/>
Title is matching and matching title actiTIME - Login<br/>
</div>
</td>
<td></td>
<td>73</td>
<td>Com_ActiTime_Test.validLoginLogoutTest@735b5592</td></tr>
<tr>
<td title='Com_ActiTime_Test.VerifyversionTest.verifyVersion()'><b>verifyVersion</b><br>Test class: Com_ActiTime_Test.VerifyversionTest<br/>
<a href="#Output-430252305" onClick='toggleBox("Output-430252305", this, "Show output", "Hide output");'>Show output</a>

<a href="#Output-430252305" onClick="toggleAllBoxes();">Show all outputs</a>
<div class='log' id="Output-430252305">
Title is matching and matching title actiTIME - Login<br/>
Element is present...<br/>
Application version=actiTIME 2020 Online<br/>
</div>
</td>
<td></td>
<td>0</td>
<td>Com_ActiTime_Test.VerifyversionTest@51efea79</td></tr>
<tr>
<td title='Com_ActiTime_Test.VerifyversionTest.verifyVersion()'><b>verifyVersion</b><br>Test class: Com_ActiTime_Test.VerifyversionTest<br/>
<a href="#Output-1079202864" onClick='toggleBox("Output-1079202864", this, "Show output", "Hide output");'>Show output</a>

<a href="#Output-1079202864" onClick="toggleAllBoxes();">Show all outputs</a>
<div class='log' id="Output-1079202864">
Title is matching and matching title actiTIME - Login<br/>
Element is present...<br/>
Application version=actiTIME 2020 Online<br/>
</div>
</td>
<td></td>
<td>0</td>
<td>Com_ActiTime_Test.VerifyversionTest@5afa04c</td></tr>
<tr>
<td title='Com_ActiTime_Test.VerifyversionTest.verifyVersion()'><b>verifyVersion</b><br>Test class: Com_ActiTime_Test.VerifyversionTest<br/>
<a href="#Output-908896552" onClick='toggleBox("Output-908896552", this, "Show output", "Hide output");'>Show output</a>

<a href="#Output-908896552" onClick="toggleAllBoxes();">Show all outputs</a>
<div class='log' id="Output-908896552">
Title is matching and matching title actiTIME - Login<br/>
Element is present...<br/>
Application version=actiTIME 2020 Online<br/>
</div>
</td>
<td></td>
<td>0</td>
<td>Com_ActiTime_Test.VerifyversionTest@58651fd0</td></tr>
</table><p>
</body>
</html>