<?xml version="1.0" encoding="UTF-8"?>
<!-- Generated by org.testng.reporters.JUnitXMLReporter -->
<testsuite hostname="CBT-2F-301" ignored="1" name="Test" tests="2" failures="0" timestamp="2020-10-30T11:53:25 IST" time="0.031" errors="0">
  <testcase name="@BeforeMethod precondition" time="-1.604039005228E9" classname="Com_ActiTime_Generic.BaseTest">
    <failure type="org.testng.TestNGException" message="
Parameter &amp;apos;nodeurl&amp;apos; is required by BeforeMethod on method precondition but has not been marked @Optional or defined
in C:\Users\CBT\Desktop\HCSA44\ActiTime\testng.xml">
      <![CDATA[org.testng.TestNGException: 
Parameter 'nodeurl' is required by BeforeMethod on method precondition but has not been marked @Optional or defined
in C:\Users\CBT\Desktop\HCSA44\ActiTime\testng.xml
at java.util.ArrayList.forEach(Unknown Source)
... Removed 27 stack frames]]>
    </failure>
  </testcase> <!-- @BeforeMethod precondition -->
  <testcase name="@AfterMethod postcondition" time="-1.604039005228E9" classname="Com_ActiTime_Generic.BaseTest">
    <skipped/>
  </testcase> <!-- @AfterMethod postcondition -->
  <testcase name="@BeforeMethod precondition" time="-1.604039005228E9" classname="Com_ActiTime_Generic.BaseTest">
    <failure type="org.testng.TestNGException" message="
Parameter &amp;apos;nodeurl&amp;apos; is required by BeforeMethod on method precondition but has not been marked @Optional or defined
in C:\Users\CBT\Desktop\HCSA44\ActiTime\testng.xml">
      <![CDATA[org.testng.TestNGException: 
Parameter 'nodeurl' is required by BeforeMethod on method precondition but has not been marked @Optional or defined
in C:\Users\CBT\Desktop\HCSA44\ActiTime\testng.xml
at java.util.ArrayList.forEach(Unknown Source)
... Removed 27 stack frames]]>
    </failure>
  </testcase> <!-- @BeforeMethod precondition -->
  <testcase name="@AfterMethod postcondition" time="-1.604039005228E9" classname="Com_ActiTime_Generic.BaseTest">
    <skipped/>
  </testcase> <!-- @AfterMethod postcondition -->
  <testcase name="validLoginLogout" time="0.0" classname="Com_ActiTime_Test.validLoginLogoutTest">
    <skipped/>
  </testcase> <!-- validLoginLogout -->
  <testcase name="verifyVersion" time="0.0" classname="Com_ActiTime_Test.VerifyversionTest">
    <skipped/>
  </testcase> <!-- verifyVersion -->
  <testcase name="invalidLogin" time="0.0" classname="Com_ActiTime_Test.InvalidLoginTest">
    <ignored/>
  </testcase> <!-- invalidLogin -->
</testsuite> <!-- Test -->
